loginActivity/build/outputs/logs/manifest-merger-debug-report.txt
-- Merging decision tree log ---
manifest
ADDED from src/main/AndroidManifest.xml:2:1-94:12
INJECTED from src/main/AndroidManifest.xml:2:1-94:12
INJECTED from src/main/AndroidManifest.xml:2:1-94:12
MERGED from [io.realm:realm-android-library:3.7.2] AndroidManifest.xml:2:1-11:12
MERGED from [:oauthkit] AndroidManifest.xml:2:1-17:12
MERGED from [:tensorLib] AndroidManifest.xml:17:1-45:12
MERGED from [com.github.jetradarmobile:android-snowfall:1.1.6] AndroidManifest.xml:2:1-10:12
MERGED from [com.felipecsl.asymmetricgridview:library:2.0.1] AndroidManifest.xml:2:1-12:12
MERGED from [com.aurelhubert:ahbottomnavigation:0.1.3] AndroidManifest.xml:2:1-13:12
MERGED from [com.android.support:design:26.0.1] AndroidManifest.xml:17:1-31:12
MERGED from [com.hkm.taglib:tag:1.6.0] AndroidManifest.xml:2:1-14:12
MERGED from [com.android.support:support-v13:26.0.1] AndroidManifest.xml:17:1-31:12
MERGED from [com.android.support:appcompat-v7:26.0.1] AndroidManifest.xml:17:1-31:12
MERGED from [com.android.support:cardview-v7:26.0.1] AndroidManifest.xml:17:1-28:12
MERGED from [com.android.support:recyclerview-v7:26.0.1] AndroidManifest.xml:17:1-28:12
MERGED from [com.android.support:multidex:1.0.2] AndroidManifest.xml:17:1-22:12
MERGED from [io.reactivex:rxandroid:1.2.1] AndroidManifest.xml:15:1-21:12
MERGED from [com.facebook.stetho:stetho-okhttp3:1.4.1] AndroidManifest.xml:2:1-13:12
MERGED from [com.google.firebase:firebase-core:10.0.0] AndroidManifest.xml:2:1-6:12
MERGED from [com.google.firebase:firebase-ads:10.0.0] AndroidManifest.xml:2:1-6:12
MERGED from [com.facebook.stetho:stetho:1.4.1] AndroidManifest.xml:2:1-13:12
MERGED from [com.getkeepsafe.relinker:relinker:1.2.2] AndroidManifest.xml:2:1-9:12
MERGED from [com.android.support:animated-vector-drawable:26.0.1] AndroidManifest.xml:17:1-28:12
MERGED from [com.google.firebase:firebase-analytics:10.0.0] AndroidManifest.xml:16:1-34:12
MERGED from [com.google.android.gms:play-services-ads:10.0.0] AndroidManifest.xml:16:1-18:12
MERGED from [com.google.firebase:firebase-analytics-impl:10.0.0] AndroidManifest.xml:16:1-29:12
MERGED from [com.google.firebase:firebase-iid:10.0.0] AndroidManifest.xml:16:1-51:12
MERGED from [com.google.firebase:firebase-common:10.0.0] AndroidManifest.xml:2:1-8:12
MERGED from [com.google.android.gms:play-services-ads-lite:10.0.0] AndroidManifest.xml:16:1-28:12
MERGED from [com.google.android.gms:play-services-clearcut:10.0.0] AndroidManifest.xml:16:1-19:12
MERGED from [com.google.android.gms:play-services-base:10.0.0] AndroidManifest.xml:16:1-21:12
MERGED from [com.google.android.gms:play-services-gass:10.0.0] AndroidManifest.xml:2:1-5:12
MERGED from [com.google.android.gms:play-services-tasks:10.0.0] AndroidManifest.xml:2:1-5:12
MERGED from [com.google.android.gms:play-services-basement:10.0.0] AndroidManifest.xml:16:1-23:12
MERGED from [com.android.support:transition:26.0.1] AndroidManifest.xml:17:1-28:12
MERGED from [com.android.support:support-v4:26.0.1] AndroidManifest.xml:17:1-31:12
MERGED from [com.android.support:support-fragment:26.0.1] AndroidManifest.xml:17:1-31:12
MERGED from [com.android.support:support-core-ui:26.0.1] AndroidManifest.xml:17:1-31:12
MERGED from [com.android.support:support-vector-drawable:26.0.1] AndroidManifest.xml:17:1-28:12
MERGED from [com.android.support:support-media-compat:26.0.1] AndroidManifest.xml:17:1-31:12
MERGED from [com.android.support:support-core-utils:26.0.1] AndroidManifest.xml:17:1-31:12
MERGED from [com.android.support:support-compat:26.0.1] AndroidManifest.xml:17:1-31:12
INJECTED from src/main/AndroidManifest.xml:2:1-94:12
INJECTED from src/main/AndroidManifest.xml:2:1-94:12
	package
		ADDED from src/main/AndroidManifest.xml:4:11-52
		INJECTED from src/main/AndroidManifest.xml
		INJECTED from src/main/AndroidManifest.xml
	android:versionName
		INJECTED from src/main/AndroidManifest.xml
		ADDED from src/main/AndroidManifest.xml:2:1-94:12
		INJECTED from src/main/AndroidManifest.xml
	xmlns:tools
		ADDED from src/main/AndroidManifest.xml:3:11-57
	xmlns:android
		ADDED from src/main/AndroidManifest.xml:2:11-69
uses-feature#android.hardware.camera
ADDED from src/main/AndroidManifest.xml:6:3-8:33
MERGED from [:tensorLib] AndroidManifest.xml:28:5-60
MERGED from [:tensorLib] AndroidManifest.xml:28:5-60
	android:required
		ADDED from src/main/AndroidManifest.xml:8:7-31
		MERGED from src/main/AndroidManifest.xml:8:7-31
	android:name
		ADDED from src/main/AndroidManifest.xml:7:7-45
uses-permission#android.permission.INTERNET
ADDED from src/main/AndroidManifest.xml:10:3-64
MERGED from [com.google.firebase:firebase-analytics:10.0.0] AndroidManifest.xml:20:5-66
MERGED from [com.google.firebase:firebase-analytics:10.0.0] AndroidManifest.xml:20:5-66
MERGED from [com.google.firebase:firebase-analytics-impl:10.0.0] AndroidManifest.xml:20:5-66
MERGED from [com.google.firebase:firebase-analytics-impl:10.0.0] AndroidManifest.xml:20:5-66
MERGED from [com.google.firebase:firebase-iid:10.0.0] AndroidManifest.xml:20:5-66
MERGED from [com.google.firebase:firebase-iid:10.0.0] AndroidManifest.xml:20:5-66
MERGED from [com.google.android.gms:play-services-ads-lite:10.0.0] AndroidManifest.xml:19:5-66
MERGED from [com.google.android.gms:play-services-ads-lite:10.0.0] AndroidManifest.xml:19:5-66
	android:name
		ADDED from src/main/AndroidManifest.xml:10:20-62
uses-permission#android.permission.WRITE_EXTERNAL_STORAGE
ADDED from src/main/AndroidManifest.xml:11:3-78
	android:name
		ADDED from src/main/AndroidManifest.xml:11:20-76
uses-permission#android.permission.CAMERA
ADDED from src/main/AndroidManifest.xml:12:3-62
MERGED from [:tensorLib] AndroidManifest.xml:26:5-65
MERGED from [:tensorLib] AndroidManifest.xml:26:5-65
	android:name
		ADDED from src/main/AndroidManifest.xml:12:20-60
uses-permission#android.permission.ACCESS_NETWORK_STATE
ADDED from src/main/AndroidManifest.xml:13:3-76
MERGED from [com.google.firebase:firebase-analytics:10.0.0] AndroidManifest.xml:21:5-78
MERGED from [com.google.firebase:firebase-analytics:10.0.0] AndroidManifest.xml:21:5-78
MERGED from [com.google.firebase:firebase-analytics-impl:10.0.0] AndroidManifest.xml:21:5-78
MERGED from [com.google.firebase:firebase-analytics-impl:10.0.0] AndroidManifest.xml:21:5-78
MERGED from [com.google.firebase:firebase-iid:10.0.0] AndroidManifest.xml:19:5-78
MERGED from [com.google.firebase:firebase-iid:10.0.0] AndroidManifest.xml:19:5-78
MERGED from [com.google.android.gms:play-services-ads-lite:10.0.0] AndroidManifest.xml:20:5-78
MERGED from [com.google.android.gms:play-services-ads-lite:10.0.0] AndroidManifest.xml:20:5-78
	android:name
		ADDED from src/main/AndroidManifest.xml:13:20-74
uses-permission#android.permission.READ_SYNC_SETTINGS
ADDED from src/main/AndroidManifest.xml:14:3-74
	android:name
		ADDED from src/main/AndroidManifest.xml:14:20-72
uses-permission#android.permission.WRITE_SYNC_SETTINGS
ADDED from src/main/AndroidManifest.xml:15:3-75
	android:name
		ADDED from src/main/AndroidManifest.xml:15:20-73
uses-permission#android.permission.AUTHENTICATE_ACCOUNTS
ADDED from src/main/AndroidManifest.xml:16:3-77
	android:name
		ADDED from src/main/AndroidManifest.xml:16:20-75
uses-permission#android.permission.GET_ACCOUNTS
ADDED from src/main/AndroidManifest.xml:17:3-68
	android:name
		ADDED from src/main/AndroidManifest.xml:17:20-66
uses-permission#android.permission.MANAGE_ACCOUNTS
ADDED from src/main/AndroidManifest.xml:18:3-71
	android:name
		ADDED from src/main/AndroidManifest.xml:18:20-69
application
ADDED from src/main/AndroidManifest.xml:20:3-92:17
MERGED from [:oauthkit] AndroidManifest.xml:11:5-15:19
MERGED from [:oauthkit] AndroidManifest.xml:11:5-15:19
MERGED from [:tensorLib] AndroidManifest.xml:31:5-43:19
MERGED from [:tensorLib] AndroidManifest.xml:31:5-43:19
MERGED from [com.github.jetradarmobile:android-snowfall:1.1.6] AndroidManifest.xml:8:5-20
MERGED from [com.github.jetradarmobile:android-snowfall:1.1.6] AndroidManifest.xml:8:5-20
MERGED from [com.felipecsl.asymmetricgridview:library:2.0.1] AndroidManifest.xml:10:5-20
MERGED from [com.felipecsl.asymmetricgridview:library:2.0.1] AndroidManifest.xml:10:5-20
MERGED from [com.aurelhubert:ahbottomnavigation:0.1.3] AndroidManifest.xml:11:5-20
MERGED from [com.aurelhubert:ahbottomnavigation:0.1.3] AndroidManifest.xml:11:5-20
MERGED from [com.android.support:design:26.0.1] AndroidManifest.xml:25:5-29:19
MERGED from [com.android.support:design:26.0.1] AndroidManifest.xml:25:5-29:19
MERGED from [com.hkm.taglib:tag:1.6.0] AndroidManifest.xml:11:5-12:19
MERGED from [com.hkm.taglib:tag:1.6.0] AndroidManifest.xml:11:5-12:19
MERGED from [com.android.support:support-v13:26.0.1] AndroidManifest.xml:25:5-29:19
MERGED from [com.android.support:support-v13:26.0.1] AndroidManifest.xml:25:5-29:19
MERGED from [com.android.support:appcompat-v7:26.0.1] AndroidManifest.xml:25:5-29:19
MERGED from [com.android.support:appcompat-v7:26.0.1] AndroidManifest.xml:25:5-29:19
MERGED from [com.android.support:cardview-v7:26.0.1] AndroidManifest.xml:22:5-26:19
MERGED from [com.android.support:cardview-v7:26.0.1] AndroidManifest.xml:22:5-26:19
MERGED from [com.android.support:recyclerview-v7:26.0.1] AndroidManifest.xml:22:5-26:19
MERGED from [com.android.support:recyclerview-v7:26.0.1] AndroidManifest.xml:22:5-26:19
MERGED from [com.facebook.stetho:stetho-okhttp3:1.4.1] AndroidManifest.xml:11:5-20
MERGED from [com.facebook.stetho:stetho-okhttp3:1.4.1] AndroidManifest.xml:11:5-20
MERGED from [com.google.firebase:firebase-core:10.0.0] AndroidManifest.xml:5:5-20
MERGED from [com.google.firebase:firebase-core:10.0.0] AndroidManifest.xml:5:5-20
MERGED from [com.google.firebase:firebase-ads:10.0.0] AndroidManifest.xml:5:5-20
MERGED from [com.google.firebase:firebase-ads:10.0.0] AndroidManifest.xml:5:5-20
MERGED from [com.facebook.stetho:stetho:1.4.1] AndroidManifest.xml:11:5-20
MERGED from [com.facebook.stetho:stetho:1.4.1] AndroidManifest.xml:11:5-20
MERGED from [com.android.support:animated-vector-drawable:26.0.1] AndroidManifest.xml:22:5-26:19
MERGED from [com.android.support:animated-vector-drawable:26.0.1] AndroidManifest.xml:22:5-26:19
MERGED from [com.google.firebase:firebase-analytics:10.0.0] AndroidManifest.xml:24:5-33:19
MERGED from [com.google.firebase:firebase-analytics:10.0.0] AndroidManifest.xml:24:5-33:19
MERGED from [com.google.firebase:firebase-analytics-impl:10.0.0] AndroidManifest.xml:24:5-28:19
MERGED from [com.google.firebase:firebase-analytics-impl:10.0.0] AndroidManifest.xml:24:5-28:19
MERGED from [com.google.firebase:firebase-iid:10.0.0] AndroidManifest.xml:28:5-50:19
MERGED from [com.google.firebase:firebase-iid:10.0.0] AndroidManifest.xml:28:5-50:19
MERGED from [com.google.firebase:firebase-common:10.0.0] AndroidManifest.xml:4:5-7:19
MERGED from [com.google.firebase:firebase-common:10.0.0] AndroidManifest.xml:4:5-7:19
MERGED from [com.google.android.gms:play-services-ads-lite:10.0.0] AndroidManifest.xml:23:5-27:19
MERGED from [com.google.android.gms:play-services-ads-lite:10.0.0] AndroidManifest.xml:23:5-27:19
MERGED from [com.google.android.gms:play-services-clearcut:10.0.0] AndroidManifest.xml:18:5-19
MERGED from [com.google.android.gms:play-services-clearcut:10.0.0] AndroidManifest.xml:18:5-19
MERGED from [com.google.android.gms:play-services-base:10.0.0] AndroidManifest.xml:18:5-20:19
MERGED from [com.google.android.gms:play-services-base:10.0.0] AndroidManifest.xml:18:5-20:19
MERGED from [com.google.android.gms:play-services-gass:10.0.0] AndroidManifest.xml:4:5-19
MERGED from [com.google.android.gms:play-services-gass:10.0.0] AndroidManifest.xml:4:5-19
MERGED from [com.google.android.gms:play-services-tasks:10.0.0] AndroidManifest.xml:4:5-19
MERGED from [com.google.android.gms:play-services-tasks:10.0.0] AndroidManifest.xml:4:5-19
MERGED from [com.google.android.gms:play-services-basement:10.0.0] AndroidManifest.xml:19:5-21:19
MERGED from [com.google.android.gms:play-services-basement:10.0.0] AndroidManifest.xml:19:5-21:19
MERGED from [com.android.support:transition:26.0.1] AndroidManifest.xml:22:5-26:19
MERGED from [com.android.support:transition:26.0.1] AndroidManifest.xml:22:5-26:19
MERGED from [com.android.support:support-v4:26.0.1] AndroidManifest.xml:25:5-29:19
MERGED from [com.android.support:support-v4:26.0.1] AndroidManifest.xml:25:5-29:19
MERGED from [com.android.support:support-fragment:26.0.1] AndroidManifest.xml:25:5-29:19
MERGED from [com.android.support:support-fragment:26.0.1] AndroidManifest.xml:25:5-29:19
MERGED from [com.android.support:support-core-ui:26.0.1] AndroidManifest.xml:25:5-29:19
MERGED from [com.android.support:support-core-ui:26.0.1] AndroidManifest.xml:25:5-29:19
MERGED from [com.android.support:support-vector-drawable:26.0.1] AndroidManifest.xml:22:5-26:19
MERGED from [com.android.support:support-vector-drawable:26.0.1] AndroidManifest.xml:22:5-26:19
MERGED from [com.android.support:support-media-compat:26.0.1] AndroidManifest.xml:25:5-29:19
MERGED from [com.android.support:support-media-compat:26.0.1] AndroidManifest.xml:25:5-29:19
MERGED from [com.android.support:support-core-utils:26.0.1] AndroidManifest.xml:25:5-29:19
MERGED from [com.android.support:support-core-utils:26.0.1] AndroidManifest.xml:25:5-29:19
MERGED from [com.android.support:support-compat:26.0.1] AndroidManifest.xml:25:5-29:19
MERGED from [com.android.support:support-compat:26.0.1] AndroidManifest.xml:25:5-29:19
	android:extractNativeLibs
		ADDED from [:tensorLib] AndroidManifest.xml:33:9-42
	tools:node
		ADDED from src/main/AndroidManifest.xml:21:7-25
	android:supportsRtl
		ADDED from [:oauthkit] AndroidManifest.xml:14:9-35
	android:label
		ADDED from src/main/AndroidManifest.xml:25:7-39
	android:icon
		ADDED from src/main/AndroidManifest.xml:24:7-50
	android:allowBackup
		ADDED from src/main/AndroidManifest.xml:23:7-33
	android:theme
		ADDED from src/main/AndroidManifest.xml:26:7-38
	android:name
		ADDED from src/main/AndroidManifest.xml:22:7-39
activity#com.droidteahouse.classified003.activity.LoginActivity
ADDED from src/main/AndroidManifest.xml:27:5-46:16
	android:label
		ADDED from src/main/AndroidManifest.xml:29:9-41
	android:name
		ADDED from src/main/AndroidManifest.xml:28:9-47
intent-filter#android.intent.action.MAIN+android.intent.category.LAUNCHER
ADDED from src/main/AndroidManifest.xml:30:7-34:23
action#android.intent.action.MAIN
ADDED from src/main/AndroidManifest.xml:31:9-60
	android:name
		ADDED from src/main/AndroidManifest.xml:31:17-58
category#android.intent.category.LAUNCHER
ADDED from src/main/AndroidManifest.xml:33:9-68
	android:name
		ADDED from src/main/AndroidManifest.xml:33:19-66
intent-filter#android.intent.action.VIEW+android.intent.category.BROWSABLE+android.intent.category.DEFAULT
ADDED from src/main/AndroidManifest.xml:35:7-44:23
action#android.intent.action.VIEW
ADDED from src/main/AndroidManifest.xml:36:9-60
	android:name
		ADDED from src/main/AndroidManifest.xml:36:17-58
category#android.intent.category.DEFAULT
ADDED from src/main/AndroidManifest.xml:38:9-67
	android:name
		ADDED from src/main/AndroidManifest.xml:38:19-65
category#android.intent.category.BROWSABLE
ADDED from src/main/AndroidManifest.xml:39:9-69
	android:name
		ADDED from src/main/AndroidManifest.xml:39:19-67
data
ADDED from src/main/AndroidManifest.xml:41:9-43:37
	android:host
		ADDED from src/main/AndroidManifest.xml:42:13-34
	android:scheme
		ADDED from src/main/AndroidManifest.xml:43:13-35
activity#com.droidteahouse.classified003.activity.PhotosActivity
ADDED from src/main/AndroidManifest.xml:47:5-50:60
	android:label
		ADDED from src/main/AndroidManifest.xml:49:9-41
	android:windowSoftInputMode
		ADDED from src/main/AndroidManifest.xml:50:9-48
	android:name
		ADDED from src/main/AndroidManifest.xml:48:9-48
activity#com.droidteahouse.classified003.activity.PreviewPhotoActivity
ADDED from src/main/AndroidManifest.xml:51:5-53:53
	android:label
		ADDED from src/main/AndroidManifest.xml:53:9-41
	android:name
		ADDED from src/main/AndroidManifest.xml:52:9-54
activity#com.droidteahouse.classified003.activity.ImageDisplayActivity
ADDED from src/main/AndroidManifest.xml:54:5-56:53
	android:label
		ADDED from src/main/AndroidManifest.xml:56:9-41
	android:name
		ADDED from src/main/AndroidManifest.xml:55:9-54
activity#com.droidteahouse.classified003.activity.ClassifierDisplayActivity
ADDED from src/main/AndroidManifest.xml:57:5-59:53
	android:label
		ADDED from src/main/AndroidManifest.xml:59:9-41
	android:name
		ADDED from src/main/AndroidManifest.xml:58:9-59
activity#org.tensorflow.tensorlib.activity.BitmapClassifier
ADDED from src/main/AndroidManifest.xml:61:5-92
MERGED from [:tensorLib] AndroidManifest.xml:38:9-42:20
MERGED from [:tensorLib] AndroidManifest.xml:38:9-42:20
	android:screenOrientation
		ADDED from [:tensorLib] AndroidManifest.xml:41:13-49
	android:label
		ADDED from [:tensorLib] AndroidManifest.xml:40:13-65
	android:name
		ADDED from src/main/AndroidManifest.xml:61:15-80
provider#com.droidteahouse.classified003.provider.StubProvider
ADDED from src/main/AndroidManifest.xml:64:5-69:34
	android:authorities
		ADDED from src/main/AndroidManifest.xml:66:9-71
	android:label
		ADDED from src/main/AndroidManifest.xml:68:9-39
	android:syncable
		ADDED from src/main/AndroidManifest.xml:69:9-32
	android:exported
		ADDED from src/main/AndroidManifest.xml:67:9-33
	android:name
		ADDED from src/main/AndroidManifest.xml:65:9-46
service#com.droidteahouse.classified003.service.AuthenticatorService
ADDED from src/main/AndroidManifest.xml:72:5-79:15
	android:name
		ADDED from src/main/AndroidManifest.xml:72:14-58
intent-filter#android.accounts.AccountAuthenticator
ADDED from src/main/AndroidManifest.xml:73:7-75:23
action#android.accounts.AccountAuthenticator
ADDED from src/main/AndroidManifest.xml:74:9-71
	android:name
		ADDED from src/main/AndroidManifest.xml:74:17-69
meta-data#android.accounts.AccountAuthenticator
ADDED from src/main/AndroidManifest.xml:76:7-78:50
	android:resource
		ADDED from src/main/AndroidManifest.xml:78:11-48
	android:name
		ADDED from src/main/AndroidManifest.xml:77:11-63
service#com.droidteahouse.classified003.service.SyncService
ADDED from src/main/AndroidManifest.xml:80:5-90:15
	android:exported
		ADDED from src/main/AndroidManifest.xml:82:9-32
	android:name
		ADDED from src/main/AndroidManifest.xml:81:9-44
intent-filter#android.content.SyncAdapter
ADDED from src/main/AndroidManifest.xml:84:7-86:23
action#android.content.SyncAdapter
ADDED from src/main/AndroidManifest.xml:85:9-61
	android:name
		ADDED from src/main/AndroidManifest.xml:85:17-59
meta-data#android.content.SyncAdapter
ADDED from src/main/AndroidManifest.xml:87:7-89:48
	android:resource
		ADDED from src/main/AndroidManifest.xml:89:11-46
	android:name
		ADDED from src/main/AndroidManifest.xml:88:11-53
uses-sdk
INJECTED from src/main/AndroidManifest.xml reason: use-sdk injection requested
INJECTED from src/main/AndroidManifest.xml
INJECTED from src/main/AndroidManifest.xml
MERGED from [io.realm:realm-android-library:3.7.2] AndroidManifest.xml:7:5-9:41
MERGED from [io.realm:realm-android-library:3.7.2] AndroidManifest.xml:7:5-9:41
MERGED from [:oauthkit] AndroidManifest.xml:7:5-9:41
MERGED from [:oauthkit] AndroidManifest.xml:7:5-9:41
MERGED from [:tensorLib] AndroidManifest.xml:22:5-24:41
MERGED from [:tensorLib] AndroidManifest.xml:22:5-24:41
MERGED from [com.github.jetradarmobile:android-snowfall:1.1.6] AndroidManifest.xml:6:5-44
MERGED from [com.github.jetradarmobile:android-snowfall:1.1.6] AndroidManifest.xml:6:5-44
MERGED from [com.felipecsl.asymmetricgridview:library:2.0.1] AndroidManifest.xml:8:5-43
MERGED from [com.felipecsl.asymmetricgridview:library:2.0.1] AndroidManifest.xml:8:5-43
MERGED from [com.aurelhubert:ahbottomnavigation:0.1.3] AndroidManifest.xml:7:5-9:41
MERGED from [com.aurelhubert:ahbottomnavigation:0.1.3] AndroidManifest.xml:7:5-9:41
MERGED from [com.android.support:design:26.0.1] AndroidManifest.xml:21:5-23:62
MERGED from [com.android.support:design:26.0.1] AndroidManifest.xml:21:5-23:62
MERGED from [com.hkm.taglib:tag:1.6.0] AndroidManifest.xml:7:5-9:41
MERGED from [com.hkm.taglib:tag:1.6.0] AndroidManifest.xml:7:5-9:41
MERGED from [com.android.support:support-v13:26.0.1] AndroidManifest.xml:21:5-23:55
MERGED from [com.android.support:support-v13:26.0.1] AndroidManifest.xml:21:5-23:55
MERGED from [com.android.support:appcompat-v7:26.0.1] AndroidManifest.xml:21:5-23:78
MERGED from [com.android.support:appcompat-v7:26.0.1] AndroidManifest.xml:21:5-23:78
MERGED from [com.android.support:cardview-v7:26.0.1] AndroidManifest.xml:20:5-44
MERGED from [com.android.support:cardview-v7:26.0.1] AndroidManifest.xml:20:5-44
MERGED from [com.android.support:recyclerview-v7:26.0.1] AndroidManifest.xml:20:5-44
MERGED from [com.android.support:recyclerview-v7:26.0.1] AndroidManifest.xml:20:5-44
MERGED from [com.android.support:multidex:1.0.2] AndroidManifest.xml:20:5-43
MERGED from [com.android.support:multidex:1.0.2] AndroidManifest.xml:20:5-43
MERGED from [io.reactivex:rxandroid:1.2.1] AndroidManifest.xml:19:5-43
MERGED from [io.reactivex:rxandroid:1.2.1] AndroidManifest.xml:19:5-43
MERGED from [com.facebook.stetho:stetho-okhttp3:1.4.1] AndroidManifest.xml:7:5-9:41
MERGED from [com.facebook.stetho:stetho-okhttp3:1.4.1] AndroidManifest.xml:7:5-9:41
MERGED from [com.google.firebase:firebase-core:10.0.0] AndroidManifest.xml:4:5-42
MERGED from [com.google.firebase:firebase-core:10.0.0] AndroidManifest.xml:4:5-42
MERGED from [com.google.firebase:firebase-ads:10.0.0] AndroidManifest.xml:4:5-42
MERGED from [com.google.firebase:firebase-ads:10.0.0] AndroidManifest.xml:4:5-42
MERGED from [com.facebook.stetho:stetho:1.4.1] AndroidManifest.xml:7:5-9:41
MERGED from [com.facebook.stetho:stetho:1.4.1] AndroidManifest.xml:7:5-9:41
MERGED from [com.getkeepsafe.relinker:relinker:1.2.2] AndroidManifest.xml:7:5-43
MERGED from [com.getkeepsafe.relinker:relinker:1.2.2] AndroidManifest.xml:7:5-43
MERGED from [com.android.support:animated-vector-drawable:26.0.1] AndroidManifest.xml:20:5-44
MERGED from [com.android.support:animated-vector-drawable:26.0.1] AndroidManifest.xml:20:5-44
MERGED from [com.google.firebase:firebase-analytics:10.0.0] AndroidManifest.xml:17:5-42
MERGED from [com.google.firebase:firebase-analytics:10.0.0] AndroidManifest.xml:17:5-42
MERGED from [com.google.android.gms:play-services-ads:10.0.0] AndroidManifest.xml:17:5-42
MERGED from [com.google.android.gms:play-services-ads:10.0.0] AndroidManifest.xml:17:5-42
MERGED from [com.google.firebase:firebase-analytics-impl:10.0.0] AndroidManifest.xml:17:5-42
MERGED from [com.google.firebase:firebase-analytics-impl:10.0.0] AndroidManifest.xml:17:5-42
MERGED from [com.google.firebase:firebase-iid:10.0.0] AndroidManifest.xml:17:5-42
MERGED from [com.google.firebase:firebase-iid:10.0.0] AndroidManifest.xml:17:5-42
MERGED from [com.google.firebase:firebase-common:10.0.0] AndroidManifest.xml:3:5-42
MERGED from [com.google.firebase:firebase-common:10.0.0] AndroidManifest.xml:3:5-42
MERGED from [com.google.android.gms:play-services-ads-lite:10.0.0] AndroidManifest.xml:22:5-42
MERGED from [com.google.android.gms:play-services-ads-lite:10.0.0] AndroidManifest.xml:22:5-42
MERGED from [com.google.android.gms:play-services-clearcut:10.0.0] AndroidManifest.xml:17:5-42
MERGED from [com.google.android.gms:play-services-clearcut:10.0.0] AndroidManifest.xml:17:5-42
MERGED from [com.google.android.gms:play-services-base:10.0.0] AndroidManifest.xml:17:5-42
MERGED from [com.google.android.gms:play-services-base:10.0.0] AndroidManifest.xml:17:5-42
MERGED from [com.google.android.gms:play-services-gass:10.0.0] AndroidManifest.xml:3:5-42
MERGED from [com.google.android.gms:play-services-gass:10.0.0] AndroidManifest.xml:3:5-42
MERGED from [com.google.android.gms:play-services-tasks:10.0.0] AndroidManifest.xml:3:5-42
MERGED from [com.google.android.gms:play-services-tasks:10.0.0] AndroidManifest.xml:3:5-42
MERGED from [com.google.android.gms:play-services-basement:10.0.0] AndroidManifest.xml:17:5-42
MERGED from [com.google.android.gms:play-services-basement:10.0.0] AndroidManifest.xml:17:5-42
MERGED from [com.android.support:transition:26.0.1] AndroidManifest.xml:20:5-44
MERGED from [com.android.support:transition:26.0.1] AndroidManifest.xml:20:5-44
MERGED from [com.android.support:support-v4:26.0.1] AndroidManifest.xml:21:5-23:54
MERGED from [com.android.support:support-v4:26.0.1] AndroidManifest.xml:21:5-23:54
MERGED from [com.android.support:support-fragment:26.0.1] AndroidManifest.xml:21:5-23:60
MERGED from [com.android.support:support-fragment:26.0.1] AndroidManifest.xml:21:5-23:60
MERGED from [com.android.support:support-core-ui:26.0.1] AndroidManifest.xml:21:5-23:58
MERGED from [com.android.support:support-core-ui:26.0.1] AndroidManifest.xml:21:5-23:58
MERGED from [com.android.support:support-vector-drawable:26.0.1] AndroidManifest.xml:20:5-44
MERGED from [com.android.support:support-vector-drawable:26.0.1] AndroidManifest.xml:20:5-44
MERGED from [com.android.support:support-media-compat:26.0.1] AndroidManifest.xml:21:5-23:63
MERGED from [com.android.support:support-media-compat:26.0.1] AndroidManifest.xml:21:5-23:63
MERGED from [com.android.support:support-core-utils:26.0.1] AndroidManifest.xml:21:5-23:61
MERGED from [com.android.support:support-core-utils:26.0.1] AndroidManifest.xml:21:5-23:61
MERGED from [com.android.support:support-compat:26.0.1] AndroidManifest.xml:21:5-23:58
MERGED from [com.android.support:support-compat:26.0.1] AndroidManifest.xml:21:5-23:58
INJECTED from src/main/AndroidManifest.xml
INJECTED from src/main/AndroidManifest.xml
	tools:overrideLibrary
		ADDED from [com.android.support:design:26.0.1] AndroidManifest.xml:23:9-59
	android:targetSdkVersion
		INJECTED from src/main/AndroidManifest.xml
		ADDED from src/main/AndroidManifest.xml
		INJECTED from src/main/AndroidManifest.xml
	android:minSdkVersion
		INJECTED from src/main/AndroidManifest.xml
		ADDED from src/main/AndroidManifest.xml
		INJECTED from src/main/AndroidManifest.xml
uses-feature#android.hardware.camera.autofocus
ADDED from [:tensorLib] AndroidManifest.xml:29:5-70
	android:name
		ADDED from [:tensorLib] AndroidManifest.xml:29:19-67
activity#org.tensorflow.tensorlib.activity.ClassifierActivity
ADDED from [:tensorLib] AndroidManifest.xml:35:9-37:48
	android:label
		ADDED from [:tensorLib] AndroidManifest.xml:37:13-45
	android:name
		ADDED from [:tensorLib] AndroidManifest.xml:36:13-80
meta-data#android.support.VERSION
ADDED from [com.android.support:design:26.0.1] AndroidManifest.xml:26:9-28:38
MERGED from [com.android.support:support-v13:26.0.1] AndroidManifest.xml:26:9-28:38
MERGED from [com.android.support:support-v13:26.0.1] AndroidManifest.xml:26:9-28:38
MERGED from [com.android.support:appcompat-v7:26.0.1] AndroidManifest.xml:26:9-28:38
MERGED from [com.android.support:appcompat-v7:26.0.1] AndroidManifest.xml:26:9-28:38
MERGED from [com.android.support:cardview-v7:26.0.1] AndroidManifest.xml:23:9-25:38
MERGED from [com.android.support:cardview-v7:26.0.1] AndroidManifest.xml:23:9-25:38
MERGED from [com.android.support:recyclerview-v7:26.0.1] AndroidManifest.xml:23:9-25:38
MERGED from [com.android.support:recyclerview-v7:26.0.1] AndroidManifest.xml:23:9-25:38
MERGED from [com.android.support:animated-vector-drawable:26.0.1] AndroidManifest.xml:23:9-25:38
MERGED from [com.android.support:animated-vector-drawable:26.0.1] AndroidManifest.xml:23:9-25:38
MERGED from [com.android.support:transition:26.0.1] AndroidManifest.xml:23:9-25:38
MERGED from [com.android.support:transition:26.0.1] AndroidManifest.xml:23:9-25:38
MERGED from [com.android.support:support-v4:26.0.1] AndroidManifest.xml:26:9-28:38
MERGED from [com.android.support:support-v4:26.0.1] AndroidManifest.xml:26:9-28:38
MERGED from [com.android.support:support-fragment:26.0.1] AndroidManifest.xml:26:9-28:38
MERGED from [com.android.support:support-fragment:26.0.1] AndroidManifest.xml:26:9-28:38
MERGED from [com.android.support:support-core-ui:26.0.1] AndroidManifest.xml:26:9-28:38
MERGED from [com.android.support:support-core-ui:26.0.1] AndroidManifest.xml:26:9-28:38
MERGED from [com.android.support:support-vector-drawable:26.0.1] AndroidManifest.xml:23:9-25:38
MERGED from [com.android.support:support-vector-drawable:26.0.1] AndroidManifest.xml:23:9-25:38
MERGED from [com.android.support:support-media-compat:26.0.1] AndroidManifest.xml:26:9-28:38
MERGED from [com.android.support:support-media-compat:26.0.1] AndroidManifest.xml:26:9-28:38
MERGED from [com.android.support:support-core-utils:26.0.1] AndroidManifest.xml:26:9-28:38
MERGED from [com.android.support:support-core-utils:26.0.1] AndroidManifest.xml:26:9-28:38
MERGED from [com.android.support:support-compat:26.0.1] AndroidManifest.xml:26:9-28:38
MERGED from [com.android.support:support-compat:26.0.1] AndroidManifest.xml:26:9-28:38
	android:value
		ADDED from [com.android.support:design:26.0.1] AndroidManifest.xml:28:13-35
	android:name
		ADDED from [com.android.support:design:26.0.1] AndroidManifest.xml:27:13-51
uses-permission#android.permission.WAKE_LOCK
ADDED from [com.google.firebase:firebase-analytics:10.0.0] AndroidManifest.xml:22:5-67
MERGED from [com.google.firebase:firebase-analytics-impl:10.0.0] AndroidManifest.xml:22:5-67
MERGED from [com.google.firebase:firebase-analytics-impl:10.0.0] AndroidManifest.xml:22:5-67
MERGED from [com.google.firebase:firebase-iid:10.0.0] AndroidManifest.xml:21:5-67
MERGED from [com.google.firebase:firebase-iid:10.0.0] AndroidManifest.xml:21:5-67
	android:name
		ADDED from [com.google.firebase:firebase-analytics:10.0.0] AndroidManifest.xml:22:22-65
receiver#com.google.android.gms.measurement.AppMeasurementReceiver
ADDED from [com.google.firebase:firebase-analytics:10.0.0] AndroidManifest.xml:25:7-26:18
MERGED from [com.google.firebase:firebase-analytics-impl:10.0.0] AndroidManifest.xml:25:7-26:18
MERGED from [com.google.firebase:firebase-analytics-impl:10.0.0] AndroidManifest.xml:25:7-26:18
	android:enabled